<?xml version="1.0" encoding="UTF-8"?>
<testsuite xmlns:xsi="http://www.w3.org/2001/XMLSchema-instance" xsi:noNamespaceSchemaLocation="https://maven.apache.org/surefire/maven-surefire-plugin/xsd/surefire-test-report-3.0.xsd" version="3.0" name="com.mcporchestration.shared.types.ServerTypeTest" time="0.038" tests="5" errors="0" skipped="0" failures="0">
  <properties>
    <property name="java.specification.version" value="21"/>
    <property name="sun.cpu.isalist" value="amd64"/>
    <property name="sun.jnu.encoding" value="Cp1252"/>
    <property name="java.class.path" value="C:\Users\erdno\BETTERDOWNLOADSFOLDER\github_repos2025\Restructure-MCP-Orchestration\Restructure-MCP-Orchestration\mcp-shared\target\test-classes;C:\Users\erdno\BETTERDOWNLOADSFOLDER\github_repos2025\Restructure-MCP-Orchestration\Restructure-MCP-Orchestration\mcp-shared\target\classes;C:\Users\erdno\.m2\repository\com\fasterxml\jackson\core\jackson-databind\2.16.1\jackson-databind-2.16.1.jar;C:\Users\erdno\.m2\repository\com\fasterxml\jackson\core\jackson-annotations\2.15.3\jackson-annotations-2.15.3.jar;C:\Users\erdno\.m2\repository\com\fasterxml\jackson\core\jackson-core\2.15.3\jackson-core-2.15.3.jar;C:\Users\erdno\.m2\repository\com\fasterxml\jackson\datatype\jackson-datatype-jsr310\2.15.3\jackson-datatype-jsr310-2.15.3.jar;C:\Users\erdno\.m2\repository\jakarta\validation\jakarta.validation-api\3.0.2\jakarta.validation-api-3.0.2.jar;C:\Users\erdno\.m2\repository\org\slf4j\slf4j-api\2.0.9\slf4j-api-2.0.9.jar;C:\Users\erdno\.m2\repository\org\junit\jupiter\junit-jupiter\5.10.1\junit-jupiter-5.10.1.jar;C:\Users\erdno\.m2\repository\org\junit\jupiter\junit-jupiter-api\5.10.1\junit-jupiter-api-5.10.1.jar;C:\Users\erdno\.m2\repository\org\opentest4j\opentest4j\1.3.0\opentest4j-1.3.0.jar;C:\Users\erdno\.m2\repository\org\junit\platform\junit-platform-commons\1.10.1\junit-platform-commons-1.10.1.jar;C:\Users\erdno\.m2\repository\org\apiguardian\apiguardian-api\1.1.2\apiguardian-api-1.1.2.jar;C:\Users\erdno\.m2\repository\org\junit\jupiter\junit-jupiter-params\5.10.1\junit-jupiter-params-5.10.1.jar;C:\Users\erdno\.m2\repository\org\junit\jupiter\junit-jupiter-engine\5.10.1\junit-jupiter-engine-5.10.1.jar;C:\Users\erdno\.m2\repository\org\junit\platform\junit-platform-engine\1.10.1\junit-platform-engine-1.10.1.jar;"/>
    <property name="java.vm.vendor" value="Microsoft"/>
    <property name="sun.arch.data.model" value="64"/>
    <property name="user.variant" value=""/>
    <property name="java.vendor.url" value="https://www.microsoft.com"/>
    <property name="user.timezone" value="Europe/Oslo"/>
    <property name="os.name" value="Windows 11"/>
    <property name="java.vm.specification.version" value="21"/>
    <property name="sun.java.launcher" value="SUN_STANDARD"/>
    <property name="user.country" value="US"/>
    <property name="sun.boot.library.path" value="c:\Users\erdno\BETTERDOWNLOADSFOLDER\github_repos2025\Restructure-MCP-Orchestration\Restructure-MCP-Orchestration\dev-tools\java21\bin"/>
    <property name="sun.java.command" value="C:\Users\erdno\AppData\Local\Temp\surefire1878985898938433458\surefirebooter-20250828202058926_3.jar C:\Users\erdno\AppData\Local\Temp\surefire1878985898938433458 2025-08-28T20-20-58_835-jvmRun1 surefire-20250828202058926_1tmp surefire_0-20250828202058926_2tmp"/>
    <property name="jdk.debug" value="release"/>
    <property name="surefire.test.class.path" value="C:\Users\erdno\BETTERDOWNLOADSFOLDER\github_repos2025\Restructure-MCP-Orchestration\Restructure-MCP-Orchestration\mcp-shared\target\test-classes;C:\Users\erdno\BETTERDOWNLOADSFOLDER\github_repos2025\Restructure-MCP-Orchestration\Restructure-MCP-Orchestration\mcp-shared\target\classes;C:\Users\erdno\.m2\repository\com\fasterxml\jackson\core\jackson-databind\2.16.1\jackson-databind-2.16.1.jar;C:\Users\erdno\.m2\repository\com\fasterxml\jackson\core\jackson-annotations\2.15.3\jackson-annotations-2.15.3.jar;C:\Users\erdno\.m2\repository\com\fasterxml\jackson\core\jackson-core\2.15.3\jackson-core-2.15.3.jar;C:\Users\erdno\.m2\repository\com\fasterxml\jackson\datatype\jackson-datatype-jsr310\2.15.3\jackson-datatype-jsr310-2.15.3.jar;C:\Users\erdno\.m2\repository\jakarta\validation\jakarta.validation-api\3.0.2\jakarta.validation-api-3.0.2.jar;C:\Users\erdno\.m2\repository\org\slf4j\slf4j-api\2.0.9\slf4j-api-2.0.9.jar;C:\Users\erdno\.m2\repository\org\junit\jupiter\junit-jupiter\5.10.1\junit-jupiter-5.10.1.jar;C:\Users\erdno\.m2\repository\org\junit\jupiter\junit-jupiter-api\5.10.1\junit-jupiter-api-5.10.1.jar;C:\Users\erdno\.m2\repository\org\opentest4j\opentest4j\1.3.0\opentest4j-1.3.0.jar;C:\Users\erdno\.m2\repository\org\junit\platform\junit-platform-commons\1.10.1\junit-platform-commons-1.10.1.jar;C:\Users\erdno\.m2\repository\org\apiguardian\apiguardian-api\1.1.2\apiguardian-api-1.1.2.jar;C:\Users\erdno\.m2\repository\org\junit\jupiter\junit-jupiter-params\5.10.1\junit-jupiter-params-5.10.1.jar;C:\Users\erdno\.m2\repository\org\junit\jupiter\junit-jupiter-engine\5.10.1\junit-jupiter-engine-5.10.1.jar;C:\Users\erdno\.m2\repository\org\junit\platform\junit-platform-engine\1.10.1\junit-platform-engine-1.10.1.jar;"/>
    <property name="sun.cpu.endian" value="little"/>
    <property name="user.home" value="C:\Users\erdno"/>
    <property name="user.language" value="en"/>
    <property name="java.specification.vendor" value="Oracle Corporation"/>
    <property name="java.version.date" value="2024-07-16"/>
    <property name="java.home" value="c:\Users\erdno\BETTERDOWNLOADSFOLDER\github_repos2025\Restructure-MCP-Orchestration\Restructure-MCP-Orchestration\dev-tools\java21"/>
    <property name="file.separator" value="\"/>
    <property name="basedir" value="C:\Users\erdno\BETTERDOWNLOADSFOLDER\github_repos2025\Restructure-MCP-Orchestration\Restructure-MCP-Orchestration\mcp-shared"/>
    <property name="java.vm.compressedOopsMode" value="Zero based"/>
    <property name="line.separator" value="&#10;"/>
    <property name="java.vm.specification.vendor" value="Oracle Corporation"/>
    <property name="java.specification.name" value="Java Platform API Specification"/>
    <property name="surefire.real.class.path" value="C:\Users\erdno\AppData\Local\Temp\surefire1878985898938433458\surefirebooter-20250828202058926_3.jar"/>
    <property name="user.script" value=""/>
    <property name="sun.management.compiler" value="HotSpot 64-Bit Tiered Compilers"/>
    <property name="java.runtime.version" value="21.0.4+7-LTS"/>
    <property name="user.name" value="eld"/>
    <property name="stdout.encoding" value="Cp1252"/>
    <property name="path.separator" value=";"/>
    <property name="os.version" value="10.0"/>
    <property name="java.runtime.name" value="OpenJDK Runtime Environment"/>
    <property name="file.encoding" value="UTF-8"/>
    <property name="java.vm.name" value="OpenJDK 64-Bit Server VM"/>
    <property name="java.vendor.version" value="Microsoft-9889606"/>
    <property name="localRepository" value="C:\Users\erdno\.m2\repository"/>
    <property name="java.vendor.url.bug" value="https://github.com/microsoft/openjdk/issues"/>
    <property name="java.io.tmpdir" value="C:\Users\erdno\AppData\Local\Temp\"/>
    <property name="java.version" value="21.0.4"/>
    <property name="user.dir" value="C:\Users\erdno\BETTERDOWNLOADSFOLDER\github_repos2025\Restructure-MCP-Orchestration\Restructure-MCP-Orchestration\mcp-shared"/>
    <property name="os.arch" value="amd64"/>
    <property name="java.vm.specification.name" value="Java Virtual Machine Specification"/>
    <property name="sun.os.patch.level" value=""/>
    <property name="native.encoding" value="Cp1252"/>
    <property name="java.library.path" value="c:\Users\erdno\BETTERDOWNLOADSFOLDER\github_repos2025\Restructure-MCP-Orchestration\Restructure-MCP-Orchestration\dev-tools\java21\bin;C:\WINDOWS\Sun\Java\bin;C:\WINDOWS\system32;C:\WINDOWS;c:\Users\erdno\BETTERDOWNLOADSFOLDER\github_repos2025\Restructure-MCP-Orchestration\Restructure-MCP-Orchestration\dev-tools\java21\bin;c:\Users\erdno\BETTERDOWNLOADSFOLDER\github_repos2025\Restructure-MCP-Orchestration\Restructure-MCP-Orchestration\dev-tools\maven\bin;c:\Users\erdno\BETTERDOWNLOADSFOLDER\github_repos2025\Restructure-MCP-Orchestration\Restructure-MCP-Orchestration\dev-tools\java21\bin;c:\Users\erdno\BETTERDOWNLOADSFOLDER\github_repos2025\Restructure-MCP-Orchestration\Restructure-MCP-Orchestration\dev-tools\maven\bin;c:\Users\erdno\BETTERDOWNLOADSFOLDER\github_repos2025\Restructure-MCP-Orchestration\Restructure-MCP-Orchestration\dev-tools\java21\bin;c:\Users\erdno\BETTERDOWNLOADSFOLDER\github_repos2025\Restructure-MCP-Orchestration\Restructure-MCP-Orchestration\dev-tools\maven\bin;c:\Users\erdno\BETTERDOWNLOADSFOLDER\github_repos2025\Restructure-MCP-Orchestration\Restructure-MCP-Orchestration\dev-tools\java21\bin;c:\Users\erdno\BETTERDOWNLOADSFOLDER\github_repos2025\Restructure-MCP-Orchestration\Restructure-MCP-Orchestration\dev-tools\maven\bin;c:\Users\erdno\BETTERDOWNLOADSFOLDER\github_repos2025\Restructure-MCP-Orchestration\Restructure-MCP-Orchestration\dev-tools\java21\bin;c:\Users\erdno\BETTERDOWNLOADSFOLDER\github_repos2025\Restructure-MCP-Orchestration\Restructure-MCP-Orchestration\dev-tools\maven\bin;c:\Users\erdno\BETTERDOWNLOADSFOLDER\github_repos2025\Restructure-MCP-Orchestration\Restructure-MCP-Orchestration\dev-tools\java21\bin;c:\Users\erdno\BETTERDOWNLOADSFOLDER\github_repos2025\Restructure-MCP-Orchestration\Restructure-MCP-Orchestration\dev-tools\maven\bin;c:\Users\erdno\BETTERDOWNLOADSFOLDER\github_repos2025\Restructure-MCP-Orchestration\Restructure-MCP-Orchestration\.portable-java21\jdk-21.0.5\bin;c:\Users\erdno\BETTERDOWNLOADSFOLDER\github_repos2025\Restructure-MCP-Orchestration\Restructure-MCP-Orchestration\.portable-java21\apache-maven-3.9.9\bin;C:\Program Files\PowerShell\7;.\dev-tools\go\bin;.\dev-tools\java21\bin;.\dev-tools\maven\bin;C:\VulkanSDK\1.4.321.1\Bin;C:\Program Files\Microsoft SDKs\Azure\CLI2\wbin;C:\VulkanSDK\1.4.313.2\Bin;C:\Users\erdno\meta_automata_env\Ruby\bin;C:\Program Files\NVIDIA GPU Computing Toolkit\CUDA\v12.9\bin;C:\Program Files\NVIDIA GPU Computing Toolkit\CUDA\v12.9\libnvvp;C:\VulkanSDK\1.4.313.1\Bin;C:\Windows\system32;C:\Windows;C:\Windows\System32\Wbem;C:\Windows\System32\WindowsPowerShell\v1.0\;C:\Windows\System32\OpenSSH\;C:\Program Files (x86)\NVIDIA Corporation\PhysX\Common;C:\Program Files\NVIDIA Corporation\NVIDIA app\NvDLISR;C:\WINDOWS\system32;C:\WINDOWS;C:\WINDOWS\System32\Wbem;C:\WINDOWS\System32\WindowsPowerShell\v1.0\;C:\WINDOWS\System32\OpenSSH\;C:\Program Files\GitHub CLI\;C:\Program Files\Microsoft SQL Server\150\Tools\Binn\;C:\Program Files\Microsoft SQL Server\Client SDK\ODBC\170\Tools\Binn\;C:\Program Files\NVIDIA Corporation\Nsight Compute 2025.2.0\;C:\ProgramData\chocolatey\bin;C:\Program Files\dotnet\;C:\Program Files\PowerShell\7\;C:\Users\erdno\AppData\Local\Programs\Python\Python313;C:\Program Files\nodejs\;C:\Program Files (x86)\Incredibuild;C:\Program Files (x86)\Windows Kits\10\Windows Performance Toolkit\;C:\Program Files\Git\cmd;C:\Users\erdno\.local\bin;C:\Users\erdno\meta_automata_env\Miniconda;C:\Users\erdno\meta_automata_env\Miniconda\Library\mingw-w64\bin;C:\Users\erdno\meta_automata_env\Miniconda\Library\usr\bin;C:\Users\erdno\meta_automata_env\Miniconda\Library\bin;C:\Users\erdno\meta_automata_env\Miniconda\Scripts;C:\Users\erdno\meta_automata_env\Python\Scripts\;C:\Users\erdno\meta_automata_env\Python\;C:\Users\erdno\.cargo\bin;C:\Users\erdno\AppData\Local\pnpm;C:\Users\erdno\AppData\Local\Microsoft\WindowsApps;C:\Users\erdno\AppData\Local\GitHubDesktop\bin;C:\Users\erdno\AppData\Local\Programs\Microsoft VS Code\bin;C:\Users\erdno\.dotnet\tools;C:\Users\erdno\AppData\Local\Programs\Python\Python313;C:\Users\erdno\AppData\Roaming\npm;C:\Users\erdno\meta_automata_env\VSCode\bin;C:\Users\erdno\AppData\Local\Programs\Kiro\bin;C:\Users\erdno\AppData\Local\Programs\Microsoft VS Code Insiders\bin;c:\Users\erdno\AppData\Roaming\Code\User\globalStorage\github.copilot-chat\debugCommand;."/>
    <property name="java.vm.info" value="mixed mode, sharing"/>
    <property name="stderr.encoding" value="Cp1252"/>
    <property name="java.vendor" value="Microsoft"/>
    <property name="java.vm.version" value="21.0.4+7-LTS"/>
    <property name="sun.io.unicode.encoding" value="UnicodeLittle"/>
    <property name="java.class.version" value="65.0"/>
  </properties>
  <testcase name="shouldWorkWithPatternMatching" classname="com.mcporchestration.shared.types.ServerTypeTest" time="0.015"/>
  <testcase name="shouldProvideMeaningfulStringRepresentation" classname="com.mcporchestration.shared.types.ServerTypeTest" time="0.001"/>
  <testcase name="shouldBeComparableAndOrderable" classname="com.mcporchestration.shared.types.ServerTypeTest" time="0.002"/>
  <testcase name="shouldSupportValueOfOperations" classname="com.mcporchestration.shared.types.ServerTypeTest" time="0.002"/>
  <testcase name="shouldHaveAllExpectedServerTypes" classname="com.mcporchestration.shared.types.ServerTypeTest" time="0.0"/>
</testsuite>